2025-06-26 12:55:25,145 - INFO - DB connections initialized in sync module.
2025-06-26 12:55:25,398 - INFO - Admin user A001 synced across all DBs.
2025-06-26 12:55:25,400 - INFO - Closed all DB connections.
2025-06-26 13:04:02,048 - INFO - DB connections initialized in sync module.
2025-06-26 13:04:33,510 - INFO - DB connections initialized in sync module.
2025-06-26 13:04:33,626 - INFO - Host/Participant U001 synced across all DBs.
2025-06-26 13:04:33,628 - INFO - Closed all DB connections.
2025-06-30 19:47:14,013 - INFO - DB connections initialized in sync module.
2025-06-30 19:47:14,257 - INFO - Admin user A100 synced across all DBs.
2025-06-30 19:51:49,542 - INFO - Host/Participant U100 synced across all DBs.
2025-06-30 20:13:30,342 - INFO - DB connections initialized in sync module.
2025-06-30 20:21:10,331 - INFO - DB connections initialized in sync module.
2025-06-30 20:28:58,299 - INFO - DB connections initialized in sync module.
2025-06-30 20:28:58,380 - INFO - Admin user A101 synced across all DBs.
2025-06-30 20:30:53,482 - ERROR - Failed to sync host_participant record: 1062 (23000): Duplicate entry '2001' for key 'ranged_id'
2025-06-30 20:31:21,986 - INFO - Host/Participant U200 synced across all DBs.
2025-06-30 20:47:14,187 - INFO - DB connections initialized in sync module.
2025-06-30 20:48:52,946 - INFO - DB connections initialized in sync module.
2025-06-30 20:54:43,394 - INFO - DB connections initialized in sync module.
2025-06-30 20:59:57,458 - INFO - DB connections initialized in sync module.
2025-06-30 21:00:28,751 - INFO - DB connections initialized in sync module.
2025-06-30 21:02:37,786 - INFO - DB connections initialized in sync module.
2025-06-30 21:03:48,026 - INFO - DB connections initialized in sync module.
2025-06-30 21:09:17,975 - INFO - DB connections initialized in sync module.
2025-06-30 21:10:29,152 - INFO - DB connections initialized in sync module.
2025-06-30 21:13:54,870 - INFO - DB connections initialized in sync module.
2025-06-30 21:24:05,925 - INFO - DB connections initialized in sync module.
2025-06-30 21:24:35,197 - INFO - DB connections initialized in sync module.
2025-06-30 23:18:17,388 - INFO - DB connections initialized in sync module.
2025-06-30 23:18:48,947 - INFO - DB connections initialized in sync module.
2025-06-30 23:23:09,482 - INFO - DB connections initialized in sync module.
2025-06-30 23:23:43,916 - INFO - DB connections initialized in sync module.
2025-06-30 23:25:39,688 - INFO - DB connections initialized in sync module.
2025-06-30 23:25:57,920 - INFO - DB connections initialized in sync module.
